{"/Users/matthewdavis/workspace/ngtw/app/projects/datetime-picker/src/lib/datetime-picker-day-format.ts": {"path":"/Users/matthewdavis/workspace/ngtw/app/projects/datetime-picker/src/lib/datetime-picker-day-format.ts","statementMap":{"0":{"start":{"line":1,"column":0},"end":{"line":1,"column":null}},"1":{"start":{"line":2,"column":4},"end":{"line":2,"column":null}},"2":{"start":{"line":3,"column":4},"end":{"line":3,"column":null}},"3":{"start":{"line":4,"column":4},"end":{"line":4,"column":null}}},"fnMap":{"0":{"name":"(anonymous_0)","decl":{"start":{"line":1,"column":0},"end":{"line":1,"column":12}},"loc":{"start":{"line":1,"column":35},"end":{"line":5,"column":1}}}},"branchMap":{"0":{"loc":{"start":{"line":1,"column":12},"end":{"line":1,"column":null}},"type":"binary-expr","locations":[{"start":{"line":1,"column":12},"end":{"line":1,"column":35}},{"start":{"line":1,"column":12},"end":{"line":1,"column":null}}]}},"s":{"0":1,"1":1,"2":1,"3":1},"f":{"0":1},"b":{"0":[1,1]}}
,"/Users/matthewdavis/workspace/ngtw/app/projects/datetime-picker/src/lib/datetime-picker-day.ts": {"path":"/Users/matthewdavis/workspace/ngtw/app/projects/datetime-picker/src/lib/datetime-picker-day.ts","statementMap":{"0":{"start":{"line":13,"column":8},"end":{"line":13,"column":25}},"1":{"start":{"line":16,"column":8},"end":{"line":16,"column":137}},"2":{"start":{"line":17,"column":8},"end":{"line":17,"column":37}},"3":{"start":{"line":18,"column":8},"end":{"line":18,"column":33}},"4":{"start":{"line":19,"column":8},"end":{"line":19,"column":39}},"5":{"start":{"line":1,"column":0},"end":{"line":1,"column":13}}},"fnMap":{"0":{"name":"(anonymous_0)","decl":{"start":{"line":12,"column":4},"end":{"line":12,"column":23}},"loc":{"start":{"line":12,"column":33},"end":{"line":21,"column":5}}}},"branchMap":{},"s":{"0":557,"1":557,"2":557,"3":557,"4":557,"5":1},"f":{"0":557},"b":{}}
,"/Users/matthewdavis/workspace/ngtw/app/projects/datetime-picker/src/lib/datetime-picker-mode.ts": {"path":"/Users/matthewdavis/workspace/ngtw/app/projects/datetime-picker/src/lib/datetime-picker-mode.ts","statementMap":{"0":{"start":{"line":1,"column":0},"end":{"line":1,"column":null}},"1":{"start":{"line":2,"column":4},"end":{"line":2,"column":null}},"2":{"start":{"line":3,"column":4},"end":{"line":3,"column":null}},"3":{"start":{"line":4,"column":4},"end":{"line":4,"column":null}},"4":{"start":{"line":5,"column":4},"end":{"line":5,"column":null}},"5":{"start":{"line":6,"column":4},"end":{"line":6,"column":null}}},"fnMap":{"0":{"name":"(anonymous_0)","decl":{"start":{"line":1,"column":0},"end":{"line":1,"column":12}},"loc":{"start":{"line":1,"column":30},"end":{"line":7,"column":1}}}},"branchMap":{"0":{"loc":{"start":{"line":1,"column":12},"end":{"line":1,"column":null}},"type":"binary-expr","locations":[{"start":{"line":1,"column":12},"end":{"line":1,"column":30}},{"start":{"line":1,"column":12},"end":{"line":1,"column":null}}]}},"s":{"0":1,"1":1,"2":1,"3":1,"4":1,"5":1},"f":{"0":1},"b":{"0":[1,1]}}
,"/Users/matthewdavis/workspace/ngtw/app/projects/datetime-picker/src/lib/datetime-picker-theme.ts": {"path":"/Users/matthewdavis/workspace/ngtw/app/projects/datetime-picker/src/lib/datetime-picker-theme.ts","statementMap":{"0":{"start":{"line":1,"column":0},"end":{"line":1,"column":null}},"1":{"start":{"line":2,"column":4},"end":{"line":2,"column":null}},"2":{"start":{"line":3,"column":4},"end":{"line":3,"column":null}}},"fnMap":{"0":{"name":"(anonymous_0)","decl":{"start":{"line":1,"column":0},"end":{"line":1,"column":12}},"loc":{"start":{"line":1,"column":31},"end":{"line":4,"column":1}}}},"branchMap":{"0":{"loc":{"start":{"line":1,"column":12},"end":{"line":1,"column":null}},"type":"binary-expr","locations":[{"start":{"line":1,"column":12},"end":{"line":1,"column":31}},{"start":{"line":1,"column":12},"end":{"line":1,"column":null}}]}},"s":{"0":1,"1":1,"2":1},"f":{"0":1},"b":{"0":[1,1]}}
,"/Users/matthewdavis/workspace/ngtw/app/projects/datetime-picker/src/lib/datetime-picker-utilities.ts": {"path":"/Users/matthewdavis/workspace/ngtw/app/projects/datetime-picker/src/lib/datetime-picker-utilities.ts","statementMap":{"0":{"start":{"line":1,"column":0},"end":{"line":1,"column":58}},"1":{"start":{"line":6,"column":27},"end":{"line":6,"column":57}},"2":{"start":{"line":7,"column":27},"end":{"line":20,"column":6}},"3":{"start":{"line":23,"column":8},"end":{"line":23,"column":110}},"4":{"start":{"line":27,"column":8},"end":{"line":27,"column":20}},"5":{"start":{"line":31,"column":52},"end":{"line":31,"column":54}},"6":{"start":{"line":32,"column":8},"end":{"line":34,"column":null}},"7":{"start":{"line":32,"column":23},"end":{"line":32,"column":25}},"8":{"start":{"line":32,"column":31},"end":{"line":32,"column":46}},"9":{"start":{"line":33,"column":12},"end":{"line":33,"column":58}},"10":{"start":{"line":35,"column":8},"end":{"line":35,"column":20}},"11":{"start":{"line":39,"column":8},"end":{"line":39,"column":105}},"12":{"start":{"line":43,"column":24},"end":{"line":47,"column":44}},"13":{"start":{"line":44,"column":12},"end":{"line":47,"column":44}},"14":{"start":{"line":45,"column":16},"end":{"line":45,"column":73}},"15":{"start":{"line":46,"column":16},"end":{"line":46,"column":27}},"16":{"start":{"line":49,"column":8},"end":{"line":49,"column":54}},"17":{"start":{"line":49,"column":34},"end":{"line":49,"column":52}},"18":{"start":{"line":5,"column":0},"end":{"line":5,"column":13}}},"fnMap":{"0":{"name":"(anonymous_0)","decl":{"start":{"line":22,"column":11},"end":{"line":22,"column":17}},"loc":{"start":{"line":22,"column":67},"end":{"line":24,"column":5}}},"1":{"name":"(anonymous_1)","decl":{"start":{"line":26,"column":11},"end":{"line":26,"column":17}},"loc":{"start":{"line":26,"column":100},"end":{"line":28,"column":5}}},"2":{"name":"(anonymous_2)","decl":{"start":{"line":30,"column":11},"end":{"line":30,"column":17}},"loc":{"start":{"line":30,"column":56},"end":{"line":36,"column":5}}},"3":{"name":"(anonymous_3)","decl":{"start":{"line":38,"column":11},"end":{"line":38,"column":17}},"loc":{"start":{"line":38,"column":57},"end":{"line":40,"column":5}}},"4":{"name":"(anonymous_4)","decl":{"start":{"line":42,"column":11},"end":{"line":42,"column":17}},"loc":{"start":{"line":42,"column":87},"end":{"line":50,"column":5}}},"5":{"name":"(anonymous_5)","decl":{"start":{"line":43,"column":24},"end":{"line":43,"column":28}},"loc":{"start":{"line":44,"column":12},"end":{"line":47,"column":44}}},"6":{"name":"(anonymous_6)","decl":{"start":{"line":44,"column":25},"end":{"line":44,"column":26}},"loc":{"start":{"line":44,"column":54},"end":{"line":47,"column":13}}},"7":{"name":"(anonymous_7)","decl":{"start":{"line":49,"column":29},"end":{"line":49,"column":30}},"loc":{"start":{"line":49,"column":34},"end":{"line":49,"column":52}}}},"branchMap":{},"s":{"0":1,"1":1,"2":1,"3":2,"4":1,"5":1,"6":1,"7":1,"8":1,"9":557,"10":1,"11":0,"12":0,"13":0,"14":0,"15":0,"16":0,"17":0,"18":1},"f":{"0":2,"1":1,"2":1,"3":0,"4":0,"5":0,"6":0,"7":0},"b":{}}
}
